<?xml version="1.0" encoding="UTF-8"?>
<testng-results skipped="0" failed="0" ignored="0" total="1" passed="1">
  <reporter-output>
  </reporter-output>
  <suite name="Suite" duration-ms="30" started-at="2018-10-05T03:20:55Z" finished-at="2018-10-05T03:20:55Z">
    <groups>
    </groups>
    <test name="Test" duration-ms="30" started-at="2018-10-05T03:20:55Z" finished-at="2018-10-05T03:20:55Z">
      <class name="pkgTest.TestGitHub">
        <test-method status="PASS" signature="test()[pri:0, instance:pkgTest.TestGitHub@75bd9247]" name="test" duration-ms="4" started-at="2018-10-05T03:20:55Z" finished-at="2018-10-05T03:20:55Z">
          <reporter-output>
          </reporter-output>
        </test-method> <!-- test -->
      </class> <!-- pkgTest.TestGitHub -->
    </test> <!-- Test -->
  </suite> <!-- Suite -->
</testng-results>
