<?xml version="1.0" encoding="UTF-8"?>
<testng-results skipped="0" failed="0" ignored="0" total="1" passed="1">
  <reporter-output>
  </reporter-output>
  <suite name="Default suite" duration-ms="31" started-at="2018-10-05T03:06:13Z" finished-at="2018-10-05T03:06:13Z">
    <groups>
    </groups>
    <test name="Default test" duration-ms="31" started-at="2018-10-05T03:06:13Z" finished-at="2018-10-05T03:06:13Z">
      <class name="pkgTest.TestGitHub">
        <test-method status="PASS" signature="test()[pri:0, instance:pkgTest.TestGitHub@32d992b2]" name="test" duration-ms="7" started-at="2018-10-05T03:06:13Z" finished-at="2018-10-05T03:06:13Z">
          <reporter-output>
          </reporter-output>
        </test-method> <!-- test -->
      </class> <!-- pkgTest.TestGitHub -->
    </test> <!-- Default test -->
  </suite> <!-- Default suite -->
</testng-results>
